<?xml version="1.0" encoding="UTF-8"?>
<testsuite name="com.fbs.currrencyConverter.controller.ConverterControllerTest" tests="5" skipped="0" failures="0" errors="0" timestamp="2018-12-26T00:40:12" hostname="FBSCorp" time="2.745">
  <properties/>
  <testcase name="get_a_conversion_with_invalid_currency_from" classname="com.fbs.currrencyConverter.controller.ConverterControllerTest" time="2.464"/>
  <testcase name="get_a_conversion_with_invalid_currency_amount" classname="com.fbs.currrencyConverter.controller.ConverterControllerTest" time="0.011"/>
  <testcase name="get_a_conversion_value_with_currency_uppercase_or_not" classname="com.fbs.currrencyConverter.controller.ConverterControllerTest" time="0.246"/>
  <testcase name="get_a_conversion_with_invalid_currency_to" classname="com.fbs.currrencyConverter.controller.ConverterControllerTest" time="0.007"/>
  <testcase name="get_a_conversion_value" classname="com.fbs.currrencyConverter.controller.ConverterControllerTest" time="0.01"/>
  <system-out><![CDATA[22:39:27.279 [Test worker] DEBUG org.springframework.test.context.junit4.SpringJUnit4ClassRunner - SpringJUnit4ClassRunner constructor called with [class com.fbs.currrencyConverter.controller.ConverterControllerTest]
22:39:27.301 [Test worker] DEBUG org.springframework.test.context.BootstrapUtils - Instantiating CacheAwareContextLoaderDelegate from class [org.springframework.test.context.cache.DefaultCacheAwareContextLoaderDelegate]
22:39:27.313 [Test worker] DEBUG org.springframework.test.context.BootstrapUtils - Instantiating BootstrapContext using constructor [public org.springframework.test.context.support.DefaultBootstrapContext(java.lang.Class,org.springframework.test.context.CacheAwareContextLoaderDelegate)]
22:39:27.349 [Test worker] DEBUG org.springframework.test.context.BootstrapUtils - Instantiating TestContextBootstrapper for test class [com.fbs.currrencyConverter.controller.ConverterControllerTest] from class [org.springframework.boot.test.context.SpringBootTestContextBootstrapper]
22:39:27.365 [Test worker] INFO org.springframework.boot.test.context.SpringBootTestContextBootstrapper - Neither @ContextConfiguration nor @ContextHierarchy found for test class [com.fbs.currrencyConverter.controller.ConverterControllerTest], using SpringBootContextLoader
22:39:27.369 [Test worker] DEBUG org.springframework.test.context.support.AbstractContextLoader - Did not detect default resource location for test class [com.fbs.currrencyConverter.controller.ConverterControllerTest]: class path resource [com/fbs/currrencyConverter/controller/ConverterControllerTest-context.xml] does not exist
22:39:27.369 [Test worker] DEBUG org.springframework.test.context.support.AbstractContextLoader - Did not detect default resource location for test class [com.fbs.currrencyConverter.controller.ConverterControllerTest]: class path resource [com/fbs/currrencyConverter/controller/ConverterControllerTestContext.groovy] does not exist
22:39:27.370 [Test worker] INFO org.springframework.test.context.support.AbstractContextLoader - Could not detect default resource locations for test class [com.fbs.currrencyConverter.controller.ConverterControllerTest]: no resource found for suffixes {-context.xml, Context.groovy}.
22:39:27.371 [Test worker] INFO org.springframework.test.context.support.AnnotationConfigContextLoaderUtils - Could not detect default configuration classes for test class [com.fbs.currrencyConverter.controller.ConverterControllerTest]: ConverterControllerTest does not declare any static, non-private, non-final, nested classes annotated with @Configuration.
22:39:27.471 [Test worker] DEBUG org.springframework.test.context.support.ActiveProfilesUtils - Could not find an 'annotation declaring class' for annotation type [org.springframework.test.context.ActiveProfiles] and class [com.fbs.currrencyConverter.controller.ConverterControllerTest]
22:39:27.630 [Test worker] DEBUG org.springframework.context.annotation.ClassPathScanningCandidateComponentProvider - Identified candidate component class: file [/home/felipe/dev/HURB/challenge-bravo/currencyConverter/build/classes/kotlin/main/com/fbs/currrencyConverter/CurrrencyConverterApplication.class]
22:39:27.634 [Test worker] INFO org.springframework.boot.test.context.SpringBootTestContextBootstrapper - Found @SpringBootConfiguration com.fbs.currrencyConverter.CurrrencyConverterApplication for test class com.fbs.currrencyConverter.controller.ConverterControllerTest
22:39:27.807 [Test worker] DEBUG org.springframework.boot.test.context.SpringBootTestContextBootstrapper - @TestExecutionListeners is not present for class [com.fbs.currrencyConverter.controller.ConverterControllerTest]: using defaults.
22:39:27.808 [Test worker] INFO org.springframework.boot.test.context.SpringBootTestContextBootstrapper - Loaded default TestExecutionListener class names from location [META-INF/spring.factories]: [org.springframework.boot.test.autoconfigure.restdocs.RestDocsTestExecutionListener, org.springframework.boot.test.autoconfigure.web.client.MockRestServiceServerResetTestExecutionListener, org.springframework.boot.test.autoconfigure.web.servlet.MockMvcPrintOnlyOnFailureTestExecutionListener, org.springframework.boot.test.autoconfigure.web.servlet.WebDriverTestExecutionListener, org.springframework.boot.test.mock.mockito.MockitoTestExecutionListener, org.springframework.boot.test.mock.mockito.ResetMocksTestExecutionListener, org.springframework.test.context.web.ServletTestExecutionListener, org.springframework.test.context.support.DirtiesContextBeforeModesTestExecutionListener, org.springframework.test.context.support.DependencyInjectionTestExecutionListener, org.springframework.test.context.support.DirtiesContextTestExecutionListener, org.springframework.test.context.transaction.TransactionalTestExecutionListener, org.springframework.test.context.jdbc.SqlScriptsTestExecutionListener]
22:39:27.833 [Test worker] INFO org.springframework.boot.test.context.SpringBootTestContextBootstrapper - Using TestExecutionListeners: [org.springframework.test.context.web.ServletTestExecutionListener@76f0ded1, org.springframework.test.context.support.DirtiesContextBeforeModesTestExecutionListener@1d8042e0, org.springframework.boot.test.mock.mockito.MockitoTestExecutionListener@4ea6d9a8, org.springframework.boot.test.autoconfigure.SpringBootDependencyInjectionTestExecutionListener@647b2814, org.springframework.test.context.support.DirtiesContextTestExecutionListener@148d641c, org.springframework.test.context.transaction.TransactionalTestExecutionListener@b05b32f, org.springframework.test.context.jdbc.SqlScriptsTestExecutionListener@7396407e, org.springframework.boot.test.autoconfigure.restdocs.RestDocsTestExecutionListener@4e90ed90, org.springframework.boot.test.autoconfigure.web.client.MockRestServiceServerResetTestExecutionListener@3142ddda, org.springframework.boot.test.autoconfigure.web.servlet.MockMvcPrintOnlyOnFailureTestExecutionListener@17f89c16, org.springframework.boot.test.autoconfigure.web.servlet.WebDriverTestExecutionListener@562cab27, org.springframework.boot.test.mock.mockito.ResetMocksTestExecutionListener@1f99201f]
22:39:27.837 [Test worker] DEBUG org.springframework.test.annotation.ProfileValueUtils - Retrieved @ProfileValueSourceConfiguration [null] for test class [com.fbs.currrencyConverter.controller.ConverterControllerTest]
22:39:27.838 [Test worker] DEBUG org.springframework.test.annotation.ProfileValueUtils - Retrieved ProfileValueSource type [class org.springframework.test.annotation.SystemProfileValueSource] for class [com.fbs.currrencyConverter.controller.ConverterControllerTest]
22:39:27.839 [Test worker] DEBUG org.springframework.test.annotation.ProfileValueUtils - Retrieved @ProfileValueSourceConfiguration [null] for test class [com.fbs.currrencyConverter.controller.ConverterControllerTest]
22:39:27.839 [Test worker] DEBUG org.springframework.test.annotation.ProfileValueUtils - Retrieved ProfileValueSource type [class org.springframework.test.annotation.SystemProfileValueSource] for class [com.fbs.currrencyConverter.controller.ConverterControllerTest]
22:39:27.851 [Test worker] DEBUG org.springframework.test.context.support.AbstractDirtiesContextTestExecutionListener - Before test class: context [DefaultTestContext@60b46854 testClass = ConverterControllerTest, testInstance = [null], testMethod = [null], testException = [null], mergedContextConfiguration = [WebMergedContextConfiguration@8bb1660 testClass = ConverterControllerTest, locations = '{}', classes = '{class com.fbs.currrencyConverter.CurrrencyConverterApplication}', contextInitializerClasses = '[]', activeProfiles = '{}', propertySourceLocations = '{}', propertySourceProperties = '{org.springframework.boot.test.context.SpringBootTestContextBootstrapper=true}', contextCustomizers = set[org.springframework.boot.test.autoconfigure.properties.PropertyMappingContextCustomizer@e7e8512, org.springframework.boot.test.autoconfigure.web.servlet.WebDriverContextCustomizerFactory$Customizer@35a8ca0, [ImportsContextCustomizer@7a2af699 key = [org.springframework.boot.test.autoconfigure.web.servlet.MockMvcAutoConfiguration, org.springframework.boot.test.autoconfigure.web.servlet.MockMvcSecurityAutoConfiguration, org.springframework.boot.test.autoconfigure.web.servlet.MockMvcWebClientAutoConfiguration, org.springframework.boot.test.autoconfigure.web.servlet.MockMvcWebDriverAutoConfiguration]], org.springframework.boot.test.context.filter.ExcludeFilterContextCustomizer@130e3831, org.springframework.boot.test.json.DuplicateJsonObjectContextCustomizerFactory$DuplicateJsonObjectContextCustomizer@579b9105, org.springframework.boot.test.mock.mockito.MockitoContextCustomizer@99bf6c54, org.springframework.boot.test.web.client.TestRestTemplateContextCustomizer@4ce3fc7c], resourceBasePath = 'src/main/webapp', contextLoader = 'org.springframework.boot.test.context.SpringBootContextLoader', parent = [null]], attributes = map['org.springframework.test.context.web.ServletTestExecutionListener.activateListener' -> true]], class annotated with @DirtiesContext [false] with mode [null].
22:39:27.852 [Test worker] DEBUG org.springframework.test.annotation.ProfileValueUtils - Retrieved @ProfileValueSourceConfiguration [null] for test class [com.fbs.currrencyConverter.controller.ConverterControllerTest]
22:39:27.852 [Test worker] DEBUG org.springframework.test.annotation.ProfileValueUtils - Retrieved ProfileValueSource type [class org.springframework.test.annotation.SystemProfileValueSource] for class [com.fbs.currrencyConverter.controller.ConverterControllerTest]
22:39:27.881 [Test worker] DEBUG org.springframework.test.context.support.TestPropertySourceUtils - Adding inlined properties to environment: {spring.jmx.enabled=false, org.springframework.boot.test.context.SpringBootTestContextBootstrapper=true, server.port=-1}

  .   ____          _            __ _ _
 /\\ / ___'_ __ _ _(_)_ __  __ _ \ \ \ \
( ( )\___ | '_ | '_| | '_ \/ _` | \ \ \ \
 \\/  ___)| |_)| | | | | || (_| |  ) ) ) )
  '  |____| .__|_| |_|_| |_\__, | / / / /
 =========|_|==============|___/=/_/_/_/
 :: Spring Boot ::        (v2.1.1.RELEASE)

2018-12-25 22:39:30.714  INFO 11268 --- [    Test worker] c.f.c.c.ConverterControllerTest          : Starting ConverterControllerTest on FBSCorp with PID 11268 (started by felipe in /home/felipe/dev/HURB/challenge-bravo/currencyConverter)
2018-12-25 22:39:30.719  INFO 11268 --- [    Test worker] c.f.c.c.ConverterControllerTest          : No active profile set, falling back to default profiles: default
2018-12-25 22:39:40.390  INFO 11268 --- [    Test worker] trationDelegate$BeanPostProcessorChecker : Bean 'org.springframework.hateoas.config.HateoasConfiguration' of type [org.springframework.hateoas.config.HateoasConfiguration$$EnhancerBySpringCGLIB$$695df95e] is not eligible for getting processed by all BeanPostProcessors (for example: not eligible for auto-proxying)
2018-12-25 22:40:09.416  INFO 11268 --- [    Test worker] o.s.s.concurrent.ThreadPoolTaskExecutor  : Initializing ExecutorService 'applicationTaskExecutor'
2018-12-25 22:40:12.378  INFO 11268 --- [    Test worker] o.s.b.t.m.w.SpringBootMockServletContext : Initializing Spring TestDispatcherServlet ''
2018-12-25 22:40:12.379  INFO 11268 --- [    Test worker] o.s.t.web.servlet.TestDispatcherServlet  : Initializing Servlet ''
2018-12-25 22:40:12.404  INFO 11268 --- [    Test worker] o.s.t.web.servlet.TestDispatcherServlet  : Completed initialization in 24 ms
2018-12-25 22:40:12.662  INFO 11268 --- [    Test worker] c.f.c.c.ConverterControllerTest          : Started ConverterControllerTest in 44.656 seconds (JVM running for 51.921)
2018-12-25 22:40:15.249  WARN 11268 --- [    Test worker] .w.s.m.s.DefaultHandlerExceptionResolver : Resolved [org.springframework.web.method.annotation.MethodArgumentTypeMismatchException: Failed to convert value of type 'java.lang.String' to required type 'double'; nested exception is java.lang.NumberFormatException: For input string: "XXX"]
]]></system-out>
  <system-err><![CDATA[]]></system-err>
</testsuite>
